# JRE version: Java(TM) SE Runtime Environment (22.0.1+8) (build 22.0.1+8-16)
# Java VM: Java HotSpot(TM) 64-Bit Server VM (22.0.1+8-16, mixed mode, sharing, tiered, compressed oops, compressed class ptrs, g1 gc, windows-amd64)
GC Precious Log:
 CardTable entry size: 512
 Card Set container configuration: InlinePtr #cards 5 size 8 Array Of Cards #cards 12 size 40 Howl #buckets 4 coarsen threshold 1843 Howl Bitmap #cards 512 size 80 coarsen threshold 460 Card regions per heap region 1 cards per card region 2048
 CPUs: 4 total, 4 available
 Memory: 7862M
 Large Page Support: Disabled
 NUMA Support: Disabled
 Compressed Oops: Enabled (32-bit)
 Heap Region Size: 1M
 Heap Min Capacity: 8M
 Heap Initial Capacity: 124M
 Heap Max Capacity: 1966M
 Pre-touch: Disabled
 Parallel Workers: 4
 Concurrent Workers: 1
 Concurrent Refinement Workers: 4
 Periodic GC: Disabled
Heap:
 garbage-first heap   total reserved 2013184K, committed 130048K, used 82944K [0x0000000085200000, 0x0000000100000000)
  region size 1024K, 3 young (3072K), 3 survivors (3072K)
 Metaspace       used 80337K, committed 81088K, reserved 1179648K
  class space    used 11254K, committed 11584K, reserved 1048576K
GC Heap History (20 events):
Event: 17.093 GC heap after
{Heap after GC invocations=15 (full 0):
 garbage-first heap   total reserved 2013184K, committed 70656K, used 31475K [0x0000000085200000, 0x0000000100000000)
  region size 1024K, 3 young (3072K), 3 survivors (3072K)
 Metaspace       used 67515K, committed 68160K, reserved 1114112K
  class space    used 9433K, committed 9728K, reserved 1048576K
}
Event: 18.244 GC heap before
{Heap before GC invocations=15 (full 0):
 garbage-first heap   total reserved 2013184K, committed 70656K, used 61171K [0x0000000085200000, 0x0000000100000000)
  region size 1024K, 33 young (33792K), 3 survivors (3072K)
 Metaspace       used 75280K, committed 75968K, reserved 1114112K
  class space    used 10415K, committed 10752K, reserved 1048576K
}
Event: 18.261 GC heap after
{Heap after GC invocations=16 (full 0):
 garbage-first heap   total reserved 2013184K, committed 70656K, used 33792K [0x0000000085200000, 0x0000000100000000)
  region size 1024K, 5 young (5120K), 5 survivors (5120K)
 Metaspace       used 75280K, committed 75968K, reserved 1114112K
  class space    used 10415K, committed 10752K, reserved 1048576K
}
Event: 19.445 GC heap before
{Heap before GC invocations=16 (full 0):
 garbage-first heap   total reserved 2013184K, committed 70656K, used 61440K [0x0000000085200000, 0x0000000100000000)
  region size 1024K, 32 young (32768K), 5 survivors (5120K)
 Metaspace       used 80272K, committed 81024K, reserved 1179648K
  class space    used 11248K, committed 11584K, reserved 1048576K
}
Event: 19.459 GC heap after
{Heap after GC invocations=17 (full 0):
 garbage-first heap   total reserved 2013184K, committed 70656K, used 37024K [0x0000000085200000, 0x0000000100000000)
  region size 1024K, 3 young (3072K), 3 survivors (3072K)
 Metaspace       used 80272K, committed 81024K, reserved 1179648K
  class space    used 11248K, committed 11584K, reserved 1048576K
}
Event: 19.690 GC heap before
{Heap before GC invocations=17 (full 0):
 garbage-first heap   total reserved 2013184K, committed 70656K, used 62624K [0x0000000085200000, 0x0000000100000000)
  region size 1024K, 28 young (28672K), 3 survivors (3072K)
 Metaspace       used 80337K, committed 81088K, reserved 1179648K
  class space    used 11254K, committed 11584K, reserved 1048576K
}
Event: 19.704 GC heap after
{Heap after GC invocations=18 (full 0):
 garbage-first heap   total reserved 2013184K, committed 70656K, used 41349K [0x0000000085200000, 0x0000000100000000)
  region size 1024K, 4 young (4096K), 4 survivors (4096K)
 Metaspace       used 80337K, committed 81088K, reserved 1179648K
  class space    used 11254K, committed 11584K, reserved 1048576K
}
Event: 19.951 GC heap before
{Heap before GC invocations=19 (full 0):
 garbage-first heap   total reserved 2013184K, committed 70656K, used 60805K [0x0000000085200000, 0x0000000100000000)
  region size 1024K, 24 young (24576K), 4 survivors (4096K)
 Metaspace       used 80337K, committed 81088K, reserved 1179648K
  class space    used 11254K, committed 11584K, reserved 1048576K
}
Event: 19.976 GC heap after
{Heap after GC invocations=20 (full 0):
 garbage-first heap   total reserved 2013184K, committed 73728K, used 48640K [0x0000000085200000, 0x0000000100000000)
  region size 1024K, 3 young (3072K), 3 survivors (3072K)
 Metaspace       used 80337K, committed 81088K, reserved 1179648K
  class space    used 11254K, committed 11584K, reserved 1048576K
}
Event: 20.116 GC heap before
{Heap before GC invocations=20 (full 0):
 garbage-first heap   total reserved 2013184K, committed 73728K, used 62976K [0x0000000085200000, 0x0000000100000000)
  region size 1024K, 17 young (17408K), 3 survivors (3072K)
 Metaspace       used 80337K, committed 81088K, reserved 1179648K
  class space    used 11254K, committed 11584K, reserved 1048576K
}
Event: 20.139 GC heap after
{Heap after GC invocations=21 (full 0):
 garbage-first heap   total reserved 2013184K, committed 89088K, used 53760K [0x0000000085200000, 0x0000000100000000)
  region size 1024K, 3 young (3072K), 3 survivors (3072K)
 Metaspace       used 80337K, committed 81088K, reserved 1179648K
  class space    used 11254K, committed 11584K, reserved 1048576K
}
Event: 20.162 GC heap before
{Heap before GC invocations=21 (full 0):
 garbage-first heap   total reserved 2013184K, committed 89088K, used 55808K [0x0000000085200000, 0x0000000100000000)
  region size 1024K, 6 young (6144K), 3 survivors (3072K)
 Metaspace       used 80337K, committed 81088K, reserved 1179648K
  class space    used 11254K, committed 11584K, reserved 1048576K
}
Event: 20.177 GC heap after
{Heap after GC invocations=22 (full 0):
 garbage-first heap   total reserved 2013184K, committed 89088K, used 55606K [0x0000000085200000, 0x0000000100000000)
  region size 1024K, 2 young (2048K), 2 survivors (2048K)
 Metaspace       used 80337K, committed 81088K, reserved 1179648K
  class space    used 11254K, committed 11584K, reserved 1048576K
}
Event: 20.315 GC heap before
{Heap before GC invocations=22 (full 0):
 garbage-first heap   total reserved 2013184K, committed 89088K, used 74038K [0x0000000085200000, 0x0000000100000000)
  region size 1024K, 19 young (19456K), 2 survivors (2048K)
 Metaspace       used 80337K, committed 81088K, reserved 1179648K
  class space    used 11254K, committed 11584K, reserved 1048576K
}
Event: 20.340 GC heap after
{Heap after GC invocations=23 (full 0):
 garbage-first heap   total reserved 2013184K, committed 89088K, used 63232K [0x0000000085200000, 0x0000000100000000)
  region size 1024K, 3 young (3072K), 3 survivors (3072K)
 Metaspace       used 80337K, committed 81088K, reserved 1179648K
  class space    used 11254K, committed 11584K, reserved 1048576K
}
Event: 20.452 GC heap before
{Heap before GC invocations=24 (full 0):
 garbage-first heap   total reserved 2013184K, committed 106496K, used 76544K [0x0000000085200000, 0x0000000100000000)
  region size 1024K, 16 young (16384K), 3 survivors (3072K)
 Metaspace       used 80337K, committed 81088K, reserved 1179648K
  class space    used 11254K, committed 11584K, reserved 1048576K
}
Event: 20.475 GC heap after
{Heap after GC invocations=25 (full 0):
 garbage-first heap   total reserved 2013184K, committed 106496K, used 68096K [0x0000000085200000, 0x0000000100000000)
  region size 1024K, 2 young (2048K), 2 survivors (2048K)
 Metaspace       used 80337K, committed 81088K, reserved 1179648K
  class space    used 11254K, committed 11584K, reserved 1048576K
}
Event: 20.655 GC heap before
{Heap before GC invocations=25 (full 0):
 garbage-first heap   total reserved 2013184K, committed 106496K, used 89600K [0x0000000085200000, 0x0000000100000000)
  region size 1024K, 21 young (21504K), 2 survivors (2048K)
 Metaspace       used 80337K, committed 81088K, reserved 1179648K
  class space    used 11254K, committed 11584K, reserved 1048576K
}
Event: 20.694 GC heap after
{Heap after GC invocations=26 (full 0):
 garbage-first heap   total reserved 2013184K, committed 106496K, used 76797K [0x0000000085200000, 0x0000000100000000)
  region size 1024K, 3 young (3072K), 3 survivors (3072K)
 Metaspace       used 80337K, committed 81088K, reserved 1179648K
  class space    used 11254K, committed 11584K, reserved 1048576K
}
Event: 20.784 GC heap before
{Heap before GC invocations=26 (full 0):
 garbage-first heap   total reserved 2013184K, committed 106496K, used 92157K [0x0000000085200000, 0x0000000100000000)
  region size 1024K, 18 young (18432K), 3 survivors (3072K)
 Metaspace       used 80337K, committed 81088K, reserved 1179648K
  class space    used 11254K, committed 11584K, reserved 1048576K
}

